  [1m[35m (0.1ms)[0m  [1m[34mSELECT sqlite_version(*)[0m
  [1m[35m (103.4ms)[0m  [1m[35mCREATE TABLE "schema_migrations" ("version" varchar NOT NULL PRIMARY KEY)[0m
  [1m[35m (108.6ms)[0m  [1m[35mCREATE TABLE "ar_internal_metadata" ("key" varchar NOT NULL PRIMARY KEY, "value" varchar, "created_at" datetime NOT NULL, "updated_at" datetime NOT NULL)[0m
  [1m[35m (0.3ms)[0m  [1m[34mSELECT "schema_migrations"."version" FROM "schema_migrations" ORDER BY "schema_migrations"."version" ASC[0m
Migrating to CreateInterviews (20200106134547)
  [1m[35m (0.2ms)[0m  [1m[36mbegin transaction[0m
  [1m[35m (0.9ms)[0m  [1m[35mCREATE TABLE "interviews" ("id" INTEGER PRIMARY KEY AUTOINCREMENT NOT NULL, "startTime" time, "endTime" time, "interviewDate" date, "participants" varchar, "title" varchar, "created_at" datetime NOT NULL, "updated_at" datetime NOT NULL)[0m
  [1m[35mSQL (0.2ms)[0m  [1m[32mINSERT INTO "schema_migrations" ("version") VALUES (?)[0m  [["version", "20200106134547"]]
  [1m[35m (104.0ms)[0m  [1m[36mcommit transaction[0m
  [1m[36mActiveRecord::InternalMetadata Load (0.6ms)[0m  [1m[34mSELECT  "ar_internal_metadata".* FROM "ar_internal_metadata" WHERE "ar_internal_metadata"."key" = ? LIMIT ?[0m  [["key", "environment"], ["LIMIT", 1]]
  [1m[35m (0.1ms)[0m  [1m[36mbegin transaction[0m
  [1m[35mSQL (0.4ms)[0m  [1m[32mINSERT INTO "ar_internal_metadata" ("key", "value", "created_at", "updated_at") VALUES (?, ?, ?, ?)[0m  [["key", "environment"], ["value", "development"], ["created_at", "2020-01-06 13:45:55.382347"], ["updated_at", "2020-01-06 13:45:55.382347"]]
  [1m[35m (81.9ms)[0m  [1m[36mcommit transaction[0m
  [1m[35m (0.4ms)[0m  [1m[34mSELECT "schema_migrations"."version" FROM "schema_migrations" ORDER BY "schema_migrations"."version" ASC[0m
Started GET "/" for ::1 at 2020-01-06 19:19:17 +0530
  [1m[35m (0.1ms)[0m  [1m[34mSELECT "schema_migrations"."version" FROM "schema_migrations" ORDER BY "schema_migrations"."version" ASC[0m
Processing by InterviewsController#index as HTML
  Rendering interviews/index.html.erb within layouts/application
  [1m[36mInterview Load (0.1ms)[0m  [1m[34mSELECT "interviews".* FROM "interviews"[0m
  Rendered interviews/index.html.erb within layouts/application (2.6ms)
Completed 200 OK in 1206ms (Views: 1195.9ms | ActiveRecord: 0.3ms)


Started GET "/interviews/new" for ::1 at 2020-01-06 19:19:23 +0530
Processing by InterviewsController#new as HTML
  Rendering interviews/new.html.erb within layouts/application
  Rendered interviews/_form.html.erb (21.7ms)
  Rendered interviews/new.html.erb within layouts/application (23.1ms)
Completed 200 OK in 60ms (Views: 44.0ms | ActiveRecord: 0.6ms)


Started GET "/" for ::1 at 2020-01-06 19:20:11 +0530
Processing by InterviewsController#index as HTML
  Rendering interviews/index.html.erb within layouts/application
  [1m[36mInterview Load (0.2ms)[0m  [1m[34mSELECT "interviews".* FROM "interviews"[0m
  Rendered interviews/index.html.erb within layouts/application (2.2ms)
Completed 200 OK in 42ms (Views: 39.7ms | ActiveRecord: 0.2ms)


Started GET "/interviews/new" for ::1 at 2020-01-06 19:20:14 +0530
Processing by InterviewsController#new as HTML
  Rendering interviews/new.html.erb within layouts/application
  Rendered interviews/_form.html.erb (30.2ms)
  Rendered interviews/new.html.erb within layouts/application (38.7ms)
Completed 200 OK in 82ms (Views: 74.2ms | ActiveRecord: 0.0ms)


Started GET "/interviews" for ::1 at 2020-01-06 19:20:16 +0530
Processing by InterviewsController#index as HTML
  Rendering interviews/index.html.erb within layouts/application
  [1m[36mInterview Load (0.4ms)[0m  [1m[34mSELECT "interviews".* FROM "interviews"[0m
  Rendered interviews/index.html.erb within layouts/application (5.6ms)
Completed 200 OK in 66ms (Views: 57.1ms | ActiveRecord: 0.4ms)


Started GET "/interviews" for ::1 at 2020-01-06 19:31:23 +0530
  [1m[35m (1.2ms)[0m  [1m[34mSELECT "schema_migrations"."version" FROM "schema_migrations" ORDER BY "schema_migrations"."version" ASC[0m
Processing by InterviewsController#index as HTML
  Rendering interviews/index.html.erb within layouts/application
  [1m[36mInterview Load (0.2ms)[0m  [1m[34mSELECT "interviews".* FROM "interviews"[0m
  Rendered interviews/index.html.erb within layouts/application (3.3ms)
Completed 200 OK in 185ms (Views: 176.7ms | ActiveRecord: 0.4ms)


Started GET "/interviews/new" for ::1 at 2020-01-06 19:31:25 +0530
Processing by InterviewsController#new as HTML
  Rendering interviews/new.html.erb within layouts/application
  Rendered interviews/_form.html.erb (19.3ms)
  Rendered interviews/new.html.erb within layouts/application (20.8ms)
Completed 200 OK in 61ms (Views: 39.2ms | ActiveRecord: 1.1ms)


DEPRECATION WARNING: Leaving `ActiveRecord::ConnectionAdapters::SQLite3Adapter.represent_boolean_as_integer`
set to false is deprecated. SQLite databases have used 't' and 'f' to serialize
boolean values and must have old data converted to 1 and 0 (its native boolean
serialization) before setting this flag to true. Conversion can be accomplished
by setting up a rake task which runs

  ExampleModel.where("boolean_column = 't'").update_all(boolean_column: 1)
  ExampleModel.where("boolean_column = 'f'").update_all(boolean_column: 0)

for all models and all boolean columns, after which the flag must be set to
true by adding the following to your application.rb file:

  Rails.application.config.active_record.sqlite3.represent_boolean_as_integer = true
 (called from require at /home/aswanth/.rvm/rubies/ruby-2.3.8/lib/ruby/site_ruby/2.3.0/rubygems/core_ext/kernel_require.rb:54)
DEPRECATION WARNING: Leaving `ActiveRecord::ConnectionAdapters::SQLite3Adapter.represent_boolean_as_integer`
set to false is deprecated. SQLite databases have used 't' and 'f' to serialize
boolean values and must have old data converted to 1 and 0 (its native boolean
serialization) before setting this flag to true. Conversion can be accomplished
by setting up a rake task which runs

  ExampleModel.where("boolean_column = 't'").update_all(boolean_column: 1)
  ExampleModel.where("boolean_column = 'f'").update_all(boolean_column: 0)

for all models and all boolean columns, after which the flag must be set to
true by adding the following to your application.rb file:

  Rails.application.config.active_record.sqlite3.represent_boolean_as_integer = true
 (called from require at /home/aswanth/.rvm/rubies/ruby-2.3.8/lib/ruby/site_ruby/2.3.0/rubygems/core_ext/kernel_require.rb:54)
DEPRECATION WARNING: Leaving `ActiveRecord::ConnectionAdapters::SQLite3Adapter.represent_boolean_as_integer`
set to false is deprecated. SQLite databases have used 't' and 'f' to serialize
boolean values and must have old data converted to 1 and 0 (its native boolean
serialization) before setting this flag to true. Conversion can be accomplished
by setting up a rake task which runs

  ExampleModel.where("boolean_column = 't'").update_all(boolean_column: 1)
  ExampleModel.where("boolean_column = 'f'").update_all(boolean_column: 0)

for all models and all boolean columns, after which the flag must be set to
true by adding the following to your application.rb file:

  Rails.application.config.active_record.sqlite3.represent_boolean_as_integer = true
 (called from instance_eval at /home/aswanth/.rvm/gems/ruby-2.3.8/gems/activesupport-5.2.4.1/lib/active_support/lazy_load_hooks.rb:71)
Started GET "/" for ::1 at 2020-01-06 19:41:03 +0530
  [1m[35m (0.2ms)[0m  [1m[34mSELECT "schema_migrations"."version" FROM "schema_migrations" ORDER BY "schema_migrations"."version" ASC[0m
  ↳ /home/aswanth/.rvm/gems/ruby-2.3.8/gems/activerecord-5.2.4.1/lib/active_record/log_subscriber.rb:98
Processing by InterviewsController#index as HTML
  Rendering interviews/index.html.erb within layouts/application
  [1m[36mInterview Load (0.2ms)[0m  [1m[34mSELECT "interviews".* FROM "interviews"[0m
  ↳ app/views/interviews/index.html.erb:18
  Rendered interviews/index.html.erb within layouts/application (3.1ms)
Completed 200 OK in 287ms (Views: 279.0ms | ActiveRecord: 0.4ms)


DEPRECATION WARNING: Leaving `ActiveRecord::ConnectionAdapters::SQLite3Adapter.represent_boolean_as_integer`
set to false is deprecated. SQLite databases have used 't' and 'f' to serialize
boolean values and must have old data converted to 1 and 0 (its native boolean
serialization) before setting this flag to true. Conversion can be accomplished
by setting up a rake task which runs

  ExampleModel.where("boolean_column = 't'").update_all(boolean_column: 1)
  ExampleModel.where("boolean_column = 'f'").update_all(boolean_column: 0)

for all models and all boolean columns, after which the flag must be set to
true by adding the following to your application.rb file:

  Rails.application.config.active_record.sqlite3.represent_boolean_as_integer = true
 (called from <main> at bin/rails:4)
DEPRECATION WARNING: Leaving `ActiveRecord::ConnectionAdapters::SQLite3Adapter.represent_boolean_as_integer`
set to false is deprecated. SQLite databases have used 't' and 'f' to serialize
boolean values and must have old data converted to 1 and 0 (its native boolean
serialization) before setting this flag to true. Conversion can be accomplished
by setting up a rake task which runs

  ExampleModel.where("boolean_column = 't'").update_all(boolean_column: 1)
  ExampleModel.where("boolean_column = 'f'").update_all(boolean_column: 0)

for all models and all boolean columns, after which the flag must be set to
true by adding the following to your application.rb file:

  Rails.application.config.active_record.sqlite3.represent_boolean_as_integer = true
 (called from <main> at bin/rails:4)
  [1m[35m (0.1ms)[0m  [1m[34mSELECT "schema_migrations"."version" FROM "schema_migrations" ORDER BY "schema_migrations"."version" ASC[0m
  ↳ bin/rails:4
Migrating to CreateActiveStorageTables (20200106141143)
  [1m[35m (0.1ms)[0m  [1m[36mbegin transaction[0m
  ↳ bin/rails:4
  [1m[35m (0.1ms)[0m  [1m[34mSELECT sqlite_version(*)[0m
  ↳ db/migrate/20200106141143_create_active_storage_tables.active_storage.rb:4
  [1m[35m (0.3ms)[0m  [1m[35mCREATE TABLE "active_storage_blobs" ("id" integer PRIMARY KEY AUTOINCREMENT NOT NULL, "key" varchar NOT NULL, "filename" varchar NOT NULL, "content_type" varchar, "metadata" text, "byte_size" bigint NOT NULL, "checksum" varchar NOT NULL, "created_at" datetime NOT NULL)[0m
  ↳ db/migrate/20200106141143_create_active_storage_tables.active_storage.rb:4
  [1m[35m (0.1ms)[0m  [1m[35mCREATE UNIQUE INDEX "index_active_storage_blobs_on_key" ON "active_storage_blobs" ("key")[0m
  ↳ db/migrate/20200106141143_create_active_storage_tables.active_storage.rb:4
  [1m[35m (0.2ms)[0m  [1m[35mCREATE TABLE "active_storage_attachments" ("id" integer PRIMARY KEY AUTOINCREMENT NOT NULL, "name" varchar NOT NULL, "record_type" varchar NOT NULL, "record_id" integer NOT NULL, "blob_id" integer NOT NULL, "created_at" datetime NOT NULL, CONSTRAINT "fk_rails_c3b3935057"
FOREIGN KEY ("blob_id")
  REFERENCES "active_storage_blobs" ("id")
)[0m
  ↳ db/migrate/20200106141143_create_active_storage_tables.active_storage.rb:16
  [1m[35m (0.1ms)[0m  [1m[35mCREATE  INDEX "index_active_storage_attachments_on_blob_id" ON "active_storage_attachments" ("blob_id")[0m
  ↳ db/migrate/20200106141143_create_active_storage_tables.active_storage.rb:16
  [1m[35m (0.1ms)[0m  [1m[35mCREATE UNIQUE INDEX "index_active_storage_attachments_uniqueness" ON "active_storage_attachments" ("record_type", "record_id", "name", "blob_id")[0m
  ↳ db/migrate/20200106141143_create_active_storage_tables.active_storage.rb:16
  [1m[36mActiveRecord::SchemaMigration Create (0.1ms)[0m  [1m[32mINSERT INTO "schema_migrations" ("version") VALUES (?)[0m  [["version", "20200106141143"]]
  ↳ bin/rails:4
  [1m[35m (114.1ms)[0m  [1m[36mcommit transaction[0m
  ↳ bin/rails:4
  [1m[36mActiveRecord::InternalMetadata Load (0.6ms)[0m  [1m[34mSELECT  "ar_internal_metadata".* FROM "ar_internal_metadata" WHERE "ar_internal_metadata"."key" = ? LIMIT ?[0m  [["key", "environment"], ["LIMIT", 1]]
  ↳ bin/rails:4
  [1m[35m (0.1ms)[0m  [1m[36mbegin transaction[0m
  ↳ bin/rails:4
  [1m[35m (0.1ms)[0m  [1m[36mcommit transaction[0m
  ↳ bin/rails:4
  [1m[35m (0.2ms)[0m  [1m[34mSELECT "schema_migrations"."version" FROM "schema_migrations" ORDER BY "schema_migrations"."version" ASC[0m
  ↳ bin/rails:4
DEPRECATION WARNING: Leaving `ActiveRecord::ConnectionAdapters::SQLite3Adapter.represent_boolean_as_integer`
set to false is deprecated. SQLite databases have used 't' and 'f' to serialize
boolean values and must have old data converted to 1 and 0 (its native boolean
serialization) before setting this flag to true. Conversion can be accomplished
by setting up a rake task which runs

  ExampleModel.where("boolean_column = 't'").update_all(boolean_column: 1)
  ExampleModel.where("boolean_column = 'f'").update_all(boolean_column: 0)

for all models and all boolean columns, after which the flag must be set to
true by adding the following to your application.rb file:

  Rails.application.config.active_record.sqlite3.represent_boolean_as_integer = true
 (called from require at /home/aswanth/.rvm/rubies/ruby-2.3.8/lib/ruby/site_ruby/2.3.0/rubygems/core_ext/kernel_require.rb:54)
DEPRECATION WARNING: Leaving `ActiveRecord::ConnectionAdapters::SQLite3Adapter.represent_boolean_as_integer`
set to false is deprecated. SQLite databases have used 't' and 'f' to serialize
boolean values and must have old data converted to 1 and 0 (its native boolean
serialization) before setting this flag to true. Conversion can be accomplished
by setting up a rake task which runs

  ExampleModel.where("boolean_column = 't'").update_all(boolean_column: 1)
  ExampleModel.where("boolean_column = 'f'").update_all(boolean_column: 0)

for all models and all boolean columns, after which the flag must be set to
true by adding the following to your application.rb file:

  Rails.application.config.active_record.sqlite3.represent_boolean_as_integer = true
 (called from <main> at bin/rails:4)
  [1m[35m (0.1ms)[0m  [1m[34mSELECT "schema_migrations"."version" FROM "schema_migrations" ORDER BY "schema_migrations"."version" ASC[0m
  ↳ bin/rails:4
  [1m[36mActiveRecord::InternalMetadata Load (0.2ms)[0m  [1m[34mSELECT  "ar_internal_metadata".* FROM "ar_internal_metadata" WHERE "ar_internal_metadata"."key" = ? LIMIT ?[0m  [["key", "environment"], ["LIMIT", 1]]
  ↳ bin/rails:4
  [1m[35m (0.0ms)[0m  [1m[36mbegin transaction[0m
  ↳ bin/rails:4
  [1m[35m (0.0ms)[0m  [1m[36mcommit transaction[0m
  ↳ bin/rails:4
  [1m[35m (0.1ms)[0m  [1m[34mSELECT "schema_migrations"."version" FROM "schema_migrations" ORDER BY "schema_migrations"."version" ASC[0m
  ↳ bin/rails:4
DEPRECATION WARNING: Leaving `ActiveRecord::ConnectionAdapters::SQLite3Adapter.represent_boolean_as_integer`
set to false is deprecated. SQLite databases have used 't' and 'f' to serialize
boolean values and must have old data converted to 1 and 0 (its native boolean
serialization) before setting this flag to true. Conversion can be accomplished
by setting up a rake task which runs

  ExampleModel.where("boolean_column = 't'").update_all(boolean_column: 1)
  ExampleModel.where("boolean_column = 'f'").update_all(boolean_column: 0)

for all models and all boolean columns, after which the flag must be set to
true by adding the following to your application.rb file:

  Rails.application.config.active_record.sqlite3.represent_boolean_as_integer = true
 (called from instance_eval at /home/aswanth/.rvm/gems/ruby-2.3.8/gems/activesupport-5.2.4.1/lib/active_support/lazy_load_hooks.rb:71)
Started GET "/interviews/new" for ::1 at 2020-01-06 19:54:49 +0530
  [1m[35m (0.1ms)[0m  [1m[34mSELECT "schema_migrations"."version" FROM "schema_migrations" ORDER BY "schema_migrations"."version" ASC[0m
  ↳ /home/aswanth/.rvm/gems/ruby-2.3.8/gems/activerecord-5.2.4.1/lib/active_record/log_subscriber.rb:98
Processing by InterviewsController#new as HTML
  Rendering interviews/new.html.erb within layouts/application
  Rendered interviews/_form.html.erb (33.3ms)
  Rendered interviews/new.html.erb within layouts/application (34.9ms)
Completed 200 OK in 299ms (Views: 279.9ms | ActiveRecord: 1.7ms)


Started POST "/interviews" for ::1 at 2020-01-06 19:55:05 +0530
Processing by InterviewsController#create as HTML
  Parameters: {"utf8"=>"✓", "authenticity_token"=>"0jPWZb/ygH0y8r/JX7ff1585XWurBvcrRumLg3Z1EkRD1lox0tIpjsiqdyfoJi8n2d2bndd2cZ179q/w+sec3w==", "interview"=>{"startTime(1i)"=>"2020", "startTime(2i)"=>"1", "startTime(3i)"=>"6", "startTime(4i)"=>"14", "startTime(5i)"=>"24", "endTime(1i)"=>"2020", "endTime(2i)"=>"1", "endTime(3i)"=>"6", "endTime(4i)"=>"14", "endTime(5i)"=>"24", "interviewDate(1i)"=>"2020", "interviewDate(2i)"=>"1", "interviewDate(3i)"=>"6", "participants"=>"one", "title"=>"one", "resume"=>#<ActionDispatch::Http::UploadedFile:0x00007f482c14af70 @tempfile=#<Tempfile:/tmp/RackMultipart20200106-16089-zonsrf.cpp>, @original_filename="q3.cpp", @content_type="text/x-c++src", @headers="Content-Disposition: form-data; name=\"interview[resume]\"; filename=\"q3.cpp\"\r\nContent-Type: text/x-c++src\r\n">}, "commit"=>"Create Interview"}
[36m  Disk Storage (3.9ms) [0m[32mUploaded file to key: xzR9PmQqQAyxGRruQf5PtRQD (checksum: FSQV7S3awbr4604yvW70uw==)[0m
  [1m[35m (0.1ms)[0m  [1m[36mbegin transaction[0m
  ↳ app/controllers/interviews_controller.rb:27
  [1m[36mActiveStorage::Blob Create (0.3ms)[0m  [1m[32mINSERT INTO "active_storage_blobs" ("key", "filename", "content_type", "metadata", "byte_size", "checksum", "created_at") VALUES (?, ?, ?, ?, ?, ?, ?)[0m  [["key", "xzR9PmQqQAyxGRruQf5PtRQD"], ["filename", "q3.cpp"], ["content_type", "text/x-c++src"], ["metadata", "{\"identified\":true}"], ["byte_size", 3318], ["checksum", "FSQV7S3awbr4604yvW70uw=="], ["created_at", "2020-01-06 14:25:05.562752"]]
  ↳ app/controllers/interviews_controller.rb:27
  [1m[35m (226.9ms)[0m  [1m[36mcommit transaction[0m
  ↳ app/controllers/interviews_controller.rb:27
  [1m[35m (0.3ms)[0m  [1m[36mbegin transaction[0m
  ↳ app/controllers/interviews_controller.rb:27
  [1m[35m (0.1ms)[0m  [1m[36mcommit transaction[0m
  ↳ app/controllers/interviews_controller.rb:27
  [1m[35m (0.2ms)[0m  [1m[36mbegin transaction[0m
  ↳ app/controllers/interviews_controller.rb:30
  [1m[36mInterview Create (1.1ms)[0m  [1m[32mINSERT INTO "interviews" ("startTime", "endTime", "interviewDate", "participants", "title", "created_at", "updated_at") VALUES (?, ?, ?, ?, ?, ?, ?)[0m  [["startTime", "2000-01-01 14:24:00"], ["endTime", "2000-01-01 14:24:00"], ["interviewDate", "2020-01-06"], ["participants", "one"], ["title", "one"], ["created_at", "2020-01-06 14:25:05.886891"], ["updated_at", "2020-01-06 14:25:05.886891"]]
  ↳ app/controllers/interviews_controller.rb:30
  [1m[36mActiveStorage::Attachment Create (0.2ms)[0m  [1m[32mINSERT INTO "active_storage_attachments" ("name", "record_type", "record_id", "blob_id", "created_at") VALUES (?, ?, ?, ?, ?)[0m  [["name", "resume"], ["record_type", "Interview"], ["record_id", 1], ["blob_id", 1], ["created_at", "2020-01-06 14:25:05.898152"]]
  ↳ app/controllers/interviews_controller.rb:30
  [1m[36mInterview Update (0.2ms)[0m  [1m[33mUPDATE "interviews" SET "updated_at" = ? WHERE "interviews"."id" = ?[0m  [["updated_at", "2020-01-06 14:25:05.900228"], ["id", 1]]
  ↳ app/controllers/interviews_controller.rb:30
  [1m[35m (116.0ms)[0m  [1m[36mcommit transaction[0m
  ↳ app/controllers/interviews_controller.rb:30
[ActiveJob] Enqueued ActiveStorage::AnalyzeJob (Job ID: 709f0e0e-8401-4645-bed1-99328061e10c) to Async(default) with arguments: #<GlobalID:0x00007f482c0877f0 @uri=#<URI::GID gid://interviewapp/ActiveStorage::Blob/1>>
Redirected to http://localhost:3000/interviews/1
  [1m[36mActiveStorage::Blob Load (0.2ms)[0m  [1m[34mSELECT  "active_storage_blobs".* FROM "active_storage_blobs" WHERE "active_storage_blobs"."id" = ? LIMIT ?[0m  [["id", 1], ["LIMIT", 1]]
Completed 302 Found in 761ms (ActiveRecord: 349.9ms)


  ↳ /home/aswanth/.rvm/gems/ruby-2.3.8/gems/activerecord-5.2.4.1/lib/active_record/log_subscriber.rb:98
[ActiveJob] [ActiveStorage::AnalyzeJob] [709f0e0e-8401-4645-bed1-99328061e10c] Performing ActiveStorage::AnalyzeJob (Job ID: 709f0e0e-8401-4645-bed1-99328061e10c) from Async(default) with arguments: #<GlobalID:0x00007f482c230d90 @uri=#<URI::GID gid://interviewapp/ActiveStorage::Blob/1>>
[ActiveJob] [ActiveStorage::AnalyzeJob] [709f0e0e-8401-4645-bed1-99328061e10c]   [1m[35m (0.1ms)[0m  [1m[36mbegin transaction[0m
[ActiveJob] [ActiveStorage::AnalyzeJob] [709f0e0e-8401-4645-bed1-99328061e10c]   ↳ /home/aswanth/.rvm/gems/ruby-2.3.8/gems/activerecord-5.2.4.1/lib/active_record/log_subscriber.rb:98
[ActiveJob] [ActiveStorage::AnalyzeJob] [709f0e0e-8401-4645-bed1-99328061e10c]   [1m[36mActiveStorage::Blob Update (0.7ms)[0m  [1m[33mUPDATE "active_storage_blobs" SET "metadata" = ? WHERE "active_storage_blobs"."id" = ?[0m  [["metadata", "{\"identified\":true,\"analyzed\":true}"], ["id", 1]]
Started GET "/interviews/1" for ::1 at 2020-01-06 19:55:06 +0530
[ActiveJob] [ActiveStorage::AnalyzeJob] [709f0e0e-8401-4645-bed1-99328061e10c]   ↳ /home/aswanth/.rvm/gems/ruby-2.3.8/gems/activerecord-5.2.4.1/lib/active_record/log_subscriber.rb:98
Processing by InterviewsController#show as HTML
  Parameters: {"id"=>"1"}
  [1m[36mInterview Load (0.8ms)[0m  [1m[34mSELECT  "interviews".* FROM "interviews" WHERE "interviews"."id" = ? LIMIT ?[0m  [["id", 1], ["LIMIT", 1]]
[ActiveJob] [ActiveStorage::AnalyzeJob] [709f0e0e-8401-4645-bed1-99328061e10c]   [1m[35m (101.1ms)[0m  [1m[36mcommit transaction[0m
  ↳ app/controllers/interviews_controller.rb:67
[ActiveJob] [ActiveStorage::AnalyzeJob] [709f0e0e-8401-4645-bed1-99328061e10c]   ↳ /home/aswanth/.rvm/gems/ruby-2.3.8/gems/activerecord-5.2.4.1/lib/active_record/log_subscriber.rb:98
[ActiveJob] [ActiveStorage::AnalyzeJob] [709f0e0e-8401-4645-bed1-99328061e10c] Performed ActiveStorage::AnalyzeJob (Job ID: 709f0e0e-8401-4645-bed1-99328061e10c) from Async(default) in 130.92ms
  Rendering interviews/show.html.erb within layouts/application
  Rendered interviews/show.html.erb within layouts/application (10.5ms)
Completed 200 OK in 129ms (Views: 95.1ms | ActiveRecord: 0.8ms)


Started GET "/interviews" for ::1 at 2020-01-06 19:55:09 +0530
Processing by InterviewsController#index as HTML
  Rendering interviews/index.html.erb within layouts/application
  [1m[36mInterview Load (0.3ms)[0m  [1m[34mSELECT "interviews".* FROM "interviews"[0m
  ↳ app/views/interviews/index.html.erb:18
  Rendered interviews/index.html.erb within layouts/application (3.6ms)
Completed 200 OK in 37ms (Views: 33.8ms | ActiveRecord: 0.3ms)


DEPRECATION WARNING: Leaving `ActiveRecord::ConnectionAdapters::SQLite3Adapter.represent_boolean_as_integer`
set to false is deprecated. SQLite databases have used 't' and 'f' to serialize
boolean values and must have old data converted to 1 and 0 (its native boolean
serialization) before setting this flag to true. Conversion can be accomplished
by setting up a rake task which runs

  ExampleModel.where("boolean_column = 't'").update_all(boolean_column: 1)
  ExampleModel.where("boolean_column = 'f'").update_all(boolean_column: 0)

for all models and all boolean columns, after which the flag must be set to
true by adding the following to your application.rb file:

  Rails.application.config.active_record.sqlite3.represent_boolean_as_integer = true
 (called from instance_eval at /home/aswanth/.rvm/gems/ruby-2.3.8/gems/activesupport-5.2.4.1/lib/active_support/lazy_load_hooks.rb:71)
Started GET "/interviews" for ::1 at 2020-01-06 20:00:51 +0530
  [1m[35m (0.3ms)[0m  [1m[34mSELECT "schema_migrations"."version" FROM "schema_migrations" ORDER BY "schema_migrations"."version" ASC[0m
  ↳ /home/aswanth/.rvm/gems/ruby-2.3.8/gems/activerecord-5.2.4.1/lib/active_record/log_subscriber.rb:98
Processing by InterviewsController#index as HTML
  Rendering interviews/index.html.erb within layouts/application
  [1m[36mInterview Load (0.2ms)[0m  [1m[34mSELECT "interviews".* FROM "interviews"[0m
  ↳ app/views/interviews/index.html.erb:18
  Rendered interviews/index.html.erb within layouts/application (12.0ms)
Completed 200 OK in 251ms (Views: 243.0ms | ActiveRecord: 0.8ms)


Started GET "/interviews/1" for ::1 at 2020-01-06 20:00:55 +0530
Processing by InterviewsController#show as HTML
  Parameters: {"id"=>"1"}
  [1m[36mInterview Load (0.3ms)[0m  [1m[34mSELECT  "interviews".* FROM "interviews" WHERE "interviews"."id" = ? LIMIT ?[0m  [["id", 1], ["LIMIT", 1]]
  ↳ app/controllers/interviews_controller.rb:67
  Rendering interviews/show.html.erb within layouts/application
  Rendered interviews/show.html.erb within layouts/application (247.0ms)
Completed 500 Internal Server Error in 254ms (ActiveRecord: 0.3ms)


  
ActionView::Template::Error (undefined local variable or method `document' for #<#<Class:0x000055c87fb5bb50>:0x00007f2bec04bdb0>):
    26: </p>
    27: <p>
    28:   <strong>Resume:</strong>
    29:   <%= link_to document.filename, rails_blob_path(interview.resume, disposition: 'attachment') %>
    30: </p>
    31: <%= link_to 'Edit', edit_interview_path(@interview) %> |
    32: <%= link_to 'Back', interviews_path %>
  
app/views/interviews/show.html.erb:29:in `_app_views_interviews_show_html_erb__86129516969692582_69913309995260'
Started GET "/interviews/1" for ::1 at 2020-01-06 20:01:13 +0530
Processing by InterviewsController#show as HTML
  Parameters: {"id"=>"1"}
  [1m[36mInterview Load (0.2ms)[0m  [1m[34mSELECT  "interviews".* FROM "interviews" WHERE "interviews"."id" = ? LIMIT ?[0m  [["id", 1], ["LIMIT", 1]]
  ↳ app/controllers/interviews_controller.rb:67
  Rendering interviews/show.html.erb within layouts/application
  Rendered interviews/show.html.erb within layouts/application (203.0ms)
Completed 500 Internal Server Error in 208ms (ActiveRecord: 0.2ms)


  
ActionView::Template::Error (undefined local variable or method `interview' for #<#<Class:0x000055c87fb5bb50>:0x000055c87dac45b8>
Did you mean?  @interview):
    26: </p>
    27: <p>
    28:   <strong>Resume:</strong>
    29:   <%= link_to interview.resume, rails_blob_path(interview.resume, disposition: 'attachment') %>
    30: </p>
    31: <%= link_to 'Edit', edit_interview_path(@interview) %> |
    32: <%= link_to 'Back', interviews_path %>
  
app/views/interviews/show.html.erb:29:in `_app_views_interviews_show_html_erb__86129516969692582_47159795084960'
Started GET "/interviews/1" for ::1 at 2020-01-06 20:01:25 +0530
Processing by InterviewsController#show as HTML
  Parameters: {"id"=>"1"}
  [1m[36mInterview Load (0.2ms)[0m  [1m[34mSELECT  "interviews".* FROM "interviews" WHERE "interviews"."id" = ? LIMIT ?[0m  [["id", 1], ["LIMIT", 1]]
  ↳ app/controllers/interviews_controller.rb:67
  Rendering interviews/show.html.erb within layouts/application
  Rendered interviews/show.html.erb within layouts/application (202.9ms)
Completed 500 Internal Server Error in 211ms (ActiveRecord: 0.2ms)


  
ActionView::Template::Error (undefined local variable or method `resume' for #<#<Class:0x000055c87fb5bb50>:0x00007f2bec7de320>):
    26: </p>
    27: <p>
    28:   <strong>Resume:</strong>
    29:   <%= link_to resume, rails_blob_path(interview.resume, disposition: 'attachment') %>
    30: </p>
    31: <%= link_to 'Edit', edit_interview_path(@interview) %> |
    32: <%= link_to 'Back', interviews_path %>
  
app/views/interviews/show.html.erb:29:in `_app_views_interviews_show_html_erb__86129516969692582_69913313998460'
Started GET "/interviews/1" for ::1 at 2020-01-06 20:01:32 +0530
Processing by InterviewsController#show as HTML
  Parameters: {"id"=>"1"}
  [1m[36mInterview Load (0.2ms)[0m  [1m[34mSELECT  "interviews".* FROM "interviews" WHERE "interviews"."id" = ? LIMIT ?[0m  [["id", 1], ["LIMIT", 1]]
  ↳ app/controllers/interviews_controller.rb:67
  Rendering interviews/show.html.erb within layouts/application
  Rendered interviews/show.html.erb within layouts/application (242.8ms)
Completed 500 Internal Server Error in 251ms (ActiveRecord: 0.2ms)


  
ActionView::Template::Error (undefined local variable or method `interview' for #<#<Class:0x000055c87fb5bb50>:0x00007f2bec385b20>
Did you mean?  @interview):
    26: </p>
    27: <p>
    28:   <strong>Resume:</strong>
    29:   <%= link_to :resume, rails_blob_path(interview.resume, disposition: 'attachment') %>
    30: </p>
    31: <%= link_to 'Edit', edit_interview_path(@interview) %> |
    32: <%= link_to 'Back', interviews_path %>
  
app/views/interviews/show.html.erb:29:in `_app_views_interviews_show_html_erb__86129516969692582_69913311720060'
Started GET "/interviews/1" for ::1 at 2020-01-06 20:01:44 +0530
Processing by InterviewsController#show as HTML
  Parameters: {"id"=>"1"}
  [1m[36mInterview Load (0.1ms)[0m  [1m[34mSELECT  "interviews".* FROM "interviews" WHERE "interviews"."id" = ? LIMIT ?[0m  [["id", 1], ["LIMIT", 1]]
  ↳ app/controllers/interviews_controller.rb:67
  Rendering interviews/show.html.erb within layouts/application
  Rendered interviews/show.html.erb within layouts/application (2.3ms)
Completed 500 Internal Server Error in 5ms (ActiveRecord: 0.1ms)


  
ActionView::Template::Error (undefined method `signed_id' for :resume:Symbol):
    26: </p>
    27: <p>
    28:   <strong>Resume:</strong>
    29:   <%= link_to :resume, rails_blob_path(:resume, disposition: 'attachment') %>
    30: </p>
    31: <%= link_to 'Edit', edit_interview_path(@interview) %> |
    32: <%= link_to 'Back', interviews_path %>
  
app/views/interviews/show.html.erb:29:in `_app_views_interviews_show_html_erb__86129516969692582_69913326511680'
DEPRECATION WARNING: Leaving `ActiveRecord::ConnectionAdapters::SQLite3Adapter.represent_boolean_as_integer`
set to false is deprecated. SQLite databases have used 't' and 'f' to serialize
boolean values and must have old data converted to 1 and 0 (its native boolean
serialization) before setting this flag to true. Conversion can be accomplished
by setting up a rake task which runs

  ExampleModel.where("boolean_column = 't'").update_all(boolean_column: 1)
  ExampleModel.where("boolean_column = 'f'").update_all(boolean_column: 0)

for all models and all boolean columns, after which the flag must be set to
true by adding the following to your application.rb file:

  Rails.application.config.active_record.sqlite3.represent_boolean_as_integer = true
 (called from instance_eval at /home/aswanth/.rvm/gems/ruby-2.3.8/gems/activesupport-5.2.4.1/lib/active_support/lazy_load_hooks.rb:71)
Started GET "/interviews/1" for ::1 at 2020-01-06 20:03:12 +0530
  [1m[35m (0.1ms)[0m  [1m[34mSELECT "schema_migrations"."version" FROM "schema_migrations" ORDER BY "schema_migrations"."version" ASC[0m
  ↳ /home/aswanth/.rvm/gems/ruby-2.3.8/gems/activerecord-5.2.4.1/lib/active_record/log_subscriber.rb:98
Processing by InterviewsController#show as HTML
  Parameters: {"id"=>"1"}
  [1m[36mInterview Load (0.2ms)[0m  [1m[34mSELECT  "interviews".* FROM "interviews" WHERE "interviews"."id" = ? LIMIT ?[0m  [["id", 1], ["LIMIT", 1]]
  ↳ app/controllers/interviews_controller.rb:67
  Rendering interviews/show.html.erb within layouts/application
  Rendered interviews/show.html.erb within layouts/application (286.3ms)
Completed 500 Internal Server Error in 306ms (ActiveRecord: 0.9ms)


  
ActionView::Template::Error (undefined local variable or method `interview' for #<#<Class:0x000055fe486437b8>:0x000055fe4860a418>
Did you mean?  @interview):
    26: </p>
    27: <p>
    28:   <strong>Resume:</strong>
    29:   <%= link_to rails_blob_path(interview.resume, disposition: 'attachment') %>
    30: </p>
    31: <%= link_to 'Edit', edit_interview_path(@interview) %> |
    32: <%= link_to 'Back', interviews_path %>
  
app/views/interviews/show.html.erb:29:in `_app_views_interviews_show_html_erb__1141990819504755590_47275312566960'
Started GET "/interviews/1" for ::1 at 2020-01-06 20:03:33 +0530
Processing by InterviewsController#show as HTML
  Parameters: {"id"=>"1"}
  [1m[36mInterview Load (0.7ms)[0m  [1m[34mSELECT  "interviews".* FROM "interviews" WHERE "interviews"."id" = ? LIMIT ?[0m  [["id", 1], ["LIMIT", 1]]
  ↳ app/controllers/interviews_controller.rb:67
  Rendering interviews/show.html.erb within layouts/application
  [1m[36mActiveStorage::Attachment Load (0.3ms)[0m  [1m[34mSELECT  "active_storage_attachments".* FROM "active_storage_attachments" WHERE "active_storage_attachments"."record_id" = ? AND "active_storage_attachments"."record_type" = ? AND "active_storage_attachments"."name" = ? LIMIT ?[0m  [["record_id", 1], ["record_type", "Interview"], ["name", "resume"], ["LIMIT", 1]]
  ↳ app/views/interviews/show.html.erb:29
  [1m[36mActiveStorage::Blob Load (0.1ms)[0m  [1m[34mSELECT  "active_storage_blobs".* FROM "active_storage_blobs" WHERE "active_storage_blobs"."id" = ? LIMIT ?[0m  [["id", 1], ["LIMIT", 1]]
  ↳ app/views/interviews/show.html.erb:29
  Rendered interviews/show.html.erb within layouts/application (63.2ms)
Completed 200 OK in 231ms (Views: 217.9ms | ActiveRecord: 2.9ms)


Started GET "/interviews/1" for ::1 at 2020-01-06 20:03:38 +0530
Processing by InterviewsController#show as HTML
  Parameters: {"id"=>"1"}
  [1m[36mInterview Load (0.2ms)[0m  [1m[34mSELECT  "interviews".* FROM "interviews" WHERE "interviews"."id" = ? LIMIT ?[0m  [["id", 1], ["LIMIT", 1]]
  ↳ app/controllers/interviews_controller.rb:67
  Rendering interviews/show.html.erb within layouts/application
  [1m[36mActiveStorage::Attachment Load (0.2ms)[0m  [1m[34mSELECT  "active_storage_attachments".* FROM "active_storage_attachments" WHERE "active_storage_attachments"."record_id" = ? AND "active_storage_attachments"."record_type" = ? AND "active_storage_attachments"."name" = ? LIMIT ?[0m  [["record_id", 1], ["record_type", "Interview"], ["name", "resume"], ["LIMIT", 1]]
  ↳ app/views/interviews/show.html.erb:29
  [1m[36mActiveStorage::Blob Load (0.1ms)[0m  [1m[34mSELECT  "active_storage_blobs".* FROM "active_storage_blobs" WHERE "active_storage_blobs"."id" = ? LIMIT ?[0m  [["id", 1], ["LIMIT", 1]]
  ↳ app/views/interviews/show.html.erb:29
  Rendered interviews/show.html.erb within layouts/application (6.4ms)
Completed 200 OK in 29ms (Views: 24.8ms | ActiveRecord: 0.5ms)


Started GET "/interviews/1" for ::1 at 2020-01-06 20:03:39 +0530
Processing by InterviewsController#show as HTML
  Parameters: {"id"=>"1"}
  [1m[36mInterview Load (0.1ms)[0m  [1m[34mSELECT  "interviews".* FROM "interviews" WHERE "interviews"."id" = ? LIMIT ?[0m  [["id", 1], ["LIMIT", 1]]
  ↳ app/controllers/interviews_controller.rb:67
  Rendering interviews/show.html.erb within layouts/application
  [1m[36mActiveStorage::Attachment Load (0.2ms)[0m  [1m[34mSELECT  "active_storage_attachments".* FROM "active_storage_attachments" WHERE "active_storage_attachments"."record_id" = ? AND "active_storage_attachments"."record_type" = ? AND "active_storage_attachments"."name" = ? LIMIT ?[0m  [["record_id", 1], ["record_type", "Interview"], ["name", "resume"], ["LIMIT", 1]]
  ↳ app/views/interviews/show.html.erb:29
  [1m[36mActiveStorage::Blob Load (0.1ms)[0m  [1m[34mSELECT  "active_storage_blobs".* FROM "active_storage_blobs" WHERE "active_storage_blobs"."id" = ? LIMIT ?[0m  [["id", 1], ["LIMIT", 1]]
  ↳ app/views/interviews/show.html.erb:29
  Rendered interviews/show.html.erb within layouts/application (5.1ms)
Completed 200 OK in 33ms (Views: 28.6ms | ActiveRecord: 0.5ms)


Started GET "/interviews/1" for ::1 at 2020-01-06 20:03:40 +0530
Processing by InterviewsController#show as HTML
  Parameters: {"id"=>"1"}
  [1m[36mInterview Load (0.2ms)[0m  [1m[34mSELECT  "interviews".* FROM "interviews" WHERE "interviews"."id" = ? LIMIT ?[0m  [["id", 1], ["LIMIT", 1]]
  ↳ app/controllers/interviews_controller.rb:67
  Rendering interviews/show.html.erb within layouts/application
  [1m[36mActiveStorage::Attachment Load (0.6ms)[0m  [1m[34mSELECT  "active_storage_attachments".* FROM "active_storage_attachments" WHERE "active_storage_attachments"."record_id" = ? AND "active_storage_attachments"."record_type" = ? AND "active_storage_attachments"."name" = ? LIMIT ?[0m  [["record_id", 1], ["record_type", "Interview"], ["name", "resume"], ["LIMIT", 1]]
  ↳ app/views/interviews/show.html.erb:29
  [1m[36mActiveStorage::Blob Load (0.3ms)[0m  [1m[34mSELECT  "active_storage_blobs".* FROM "active_storage_blobs" WHERE "active_storage_blobs"."id" = ? LIMIT ?[0m  [["id", 1], ["LIMIT", 1]]
  ↳ app/views/interviews/show.html.erb:29
  Rendered interviews/show.html.erb within layouts/application (8.3ms)
Completed 200 OK in 35ms (Views: 29.8ms | ActiveRecord: 1.1ms)


Started GET "/interviews/1" for ::1 at 2020-01-06 20:03:56 +0530
Processing by InterviewsController#show as HTML
  Parameters: {"id"=>"1"}
  [1m[36mInterview Load (0.4ms)[0m  [1m[34mSELECT  "interviews".* FROM "interviews" WHERE "interviews"."id" = ? LIMIT ?[0m  [["id", 1], ["LIMIT", 1]]
  ↳ app/controllers/interviews_controller.rb:67
  Rendering interviews/show.html.erb within layouts/application
  Rendered interviews/show.html.erb within layouts/application (237.5ms)
Completed 500 Internal Server Error in 249ms (ActiveRecord: 0.4ms)


  
ActionView::Template::Error (undefined local variable or method `download' for #<#<Class:0x000055fe486437b8>:0x00007f28011e6c40>):
    26: </p>
    27: <p>
    28:   <strong>Resume:</strong>
    29:   <%= link_to download , rails_blob_path(@interview.resume, disposition: 'attachment') %>
    30: </p>
    31: <%= link_to 'Edit', edit_interview_path(@interview) %> |
    32: <%= link_to 'Back', interviews_path %>
  
app/views/interviews/show.html.erb:29:in `_app_views_interviews_show_html_erb__1141990819504755590_69904897096460'
Started GET "/interviews/1" for ::1 at 2020-01-06 20:04:21 +0530
Processing by InterviewsController#show as HTML
  Parameters: {"id"=>"1"}
  [1m[36mInterview Load (0.4ms)[0m  [1m[34mSELECT  "interviews".* FROM "interviews" WHERE "interviews"."id" = ? LIMIT ?[0m  [["id", 1], ["LIMIT", 1]]
  ↳ app/controllers/interviews_controller.rb:67
  Rendering interviews/show.html.erb within layouts/application
  [1m[36mActiveStorage::Attachment Load (0.6ms)[0m  [1m[34mSELECT  "active_storage_attachments".* FROM "active_storage_attachments" WHERE "active_storage_attachments"."record_id" = ? AND "active_storage_attachments"."record_type" = ? AND "active_storage_attachments"."name" = ? LIMIT ?[0m  [["record_id", 1], ["record_type", "Interview"], ["name", "resume"], ["LIMIT", 1]]
  ↳ app/views/interviews/show.html.erb:29
  [1m[36mActiveStorage::Blob Load (0.6ms)[0m  [1m[34mSELECT  "active_storage_blobs".* FROM "active_storage_blobs" WHERE "active_storage_blobs"."id" = ? LIMIT ?[0m  [["id", 1], ["LIMIT", 1]]
  ↳ app/views/interviews/show.html.erb:29
  Rendered interviews/show.html.erb within layouts/application (22.9ms)
Completed 200 OK in 116ms (Views: 100.2ms | ActiveRecord: 1.6ms)


Started GET "/rails/active_storage/blobs/eyJfcmFpbHMiOnsibWVzc2FnZSI6IkJBaHBCZz09IiwiZXhwIjpudWxsLCJwdXIiOiJibG9iX2lkIn19--98b2d75448824000ad084f8ada43fcbfef200e9b/q3.cpp?disposition=attachment" for ::1 at 2020-01-06 20:04:24 +0530
Processing by ActiveStorage::BlobsController#show as 
  Parameters: {"disposition"=>"attachment", "signed_id"=>"eyJfcmFpbHMiOnsibWVzc2FnZSI6IkJBaHBCZz09IiwiZXhwIjpudWxsLCJwdXIiOiJibG9iX2lkIn19--98b2d75448824000ad084f8ada43fcbfef200e9b", "filename"=>"q3"}
  [1m[36mActiveStorage::Blob Load (0.1ms)[0m  [1m[34mSELECT  "active_storage_blobs".* FROM "active_storage_blobs" WHERE "active_storage_blobs"."id" = ? LIMIT ?[0m  [["id", 1], ["LIMIT", 1]]
  ↳ /home/aswanth/.rvm/gems/ruby-2.3.8/gems/activerecord-5.2.4.1/lib/active_record/log_subscriber.rb:98
[36m  Disk Storage (3.0ms) [0m[34mGenerated URL for file at key: xzR9PmQqQAyxGRruQf5PtRQD (http://localhost:3000/rails/active_storage/disk/eyJfcmFpbHMiOnsibWVzc2FnZSI6IkJBaDdDRG9JYTJWNVNTSWRlSHBTT1ZCdFVYRlJRWGw0UjFKeWRWRm1OVkIwVWxGRUJqb0dSVlE2RUdScGMzQnZjMmwwYVc5dVNTSTdZWFIwWVdOb2JXVnVkRHNnWm1sc1pXNWhiV1U5SW5FekxtTndjQ0k3SUdacGJHVnVZVzFsS2oxVlZFWXRPQ2NuY1RNdVkzQndCanNHUmpvUlkyOXVkR1Z1ZEY5MGVYQmxTU0lTZEdWNGRDOTRMV01ySzNOeVl3WTdCbFE9IiwiZXhwIjoiMjAyMC0wMS0wNlQxNDozOToyNC40OTRaIiwicHVyIjoiYmxvYl9rZXkifX0=--7d2ecd7b53bb8ee14b0c224a93f563a3373c1d45/q3.cpp?content_type=text%2Fx-c%2B%2Bsrc&disposition=attachment%3B+filename%3D%22q3.cpp%22%3B+filename%2A%3DUTF-8%27%27q3.cpp)[0m
Redirected to http://localhost:3000/rails/active_storage/disk/eyJfcmFpbHMiOnsibWVzc2FnZSI6IkJBaDdDRG9JYTJWNVNTSWRlSHBTT1ZCdFVYRlJRWGw0UjFKeWRWRm1OVkIwVWxGRUJqb0dSVlE2RUdScGMzQnZjMmwwYVc5dVNTSTdZWFIwWVdOb2JXVnVkRHNnWm1sc1pXNWhiV1U5SW5FekxtTndjQ0k3SUdacGJHVnVZVzFsS2oxVlZFWXRPQ2NuY1RNdVkzQndCanNHUmpvUlkyOXVkR1Z1ZEY5MGVYQmxTU0lTZEdWNGRDOTRMV01ySzNOeVl3WTdCbFE9IiwiZXhwIjoiMjAyMC0wMS0wNlQxNDozOToyNC40OTRaIiwicHVyIjoiYmxvYl9rZXkifX0=--7d2ecd7b53bb8ee14b0c224a93f563a3373c1d45/q3.cpp?content_type=text%2Fx-c%2B%2Bsrc&disposition=attachment%3B+filename%3D%22q3.cpp%22%3B+filename%2A%3DUTF-8%27%27q3.cpp
Completed 302 Found in 8ms (ActiveRecord: 0.1ms)


Started GET "/rails/active_storage/disk/eyJfcmFpbHMiOnsibWVzc2FnZSI6IkJBaDdDRG9JYTJWNVNTSWRlSHBTT1ZCdFVYRlJRWGw0UjFKeWRWRm1OVkIwVWxGRUJqb0dSVlE2RUdScGMzQnZjMmwwYVc5dVNTSTdZWFIwWVdOb2JXVnVkRHNnWm1sc1pXNWhiV1U5SW5FekxtTndjQ0k3SUdacGJHVnVZVzFsS2oxVlZFWXRPQ2NuY1RNdVkzQndCanNHUmpvUlkyOXVkR1Z1ZEY5MGVYQmxTU0lTZEdWNGRDOTRMV01ySzNOeVl3WTdCbFE9IiwiZXhwIjoiMjAyMC0wMS0wNlQxNDozOToyNC40OTRaIiwicHVyIjoiYmxvYl9rZXkifX0=--7d2ecd7b53bb8ee14b0c224a93f563a3373c1d45/q3.cpp?content_type=text%2Fx-c%2B%2Bsrc&disposition=attachment%3B+filename%3D%22q3.cpp%22%3B+filename%2A%3DUTF-8%27%27q3.cpp" for ::1 at 2020-01-06 20:04:24 +0530
Processing by ActiveStorage::DiskController#show as 
  Parameters: {"content_type"=>"text/x-c++src", "disposition"=>"attachment; filename=\"q3.cpp\"; filename*=UTF-8''q3.cpp", "encoded_key"=>"eyJfcmFpbHMiOnsibWVzc2FnZSI6IkJBaDdDRG9JYTJWNVNTSWRlSHBTT1ZCdFVYRlJRWGw0UjFKeWRWRm1OVkIwVWxGRUJqb0dSVlE2RUdScGMzQnZjMmwwYVc5dVNTSTdZWFIwWVdOb2JXVnVkRHNnWm1sc1pXNWhiV1U5SW5FekxtTndjQ0k3SUdacGJHVnVZVzFsS2oxVlZFWXRPQ2NuY1RNdVkzQndCanNHUmpvUlkyOXVkR1Z1ZEY5MGVYQmxTU0lTZEdWNGRDOTRMV01ySzNOeVl3WTdCbFE9IiwiZXhwIjoiMjAyMC0wMS0wNlQxNDozOToyNC40OTRaIiwicHVyIjoiYmxvYl9rZXkifX0=--7d2ecd7b53bb8ee14b0c224a93f563a3373c1d45", "filename"=>"q3"}
Completed 200 OK in 2ms (ActiveRecord: 0.0ms)


Started GET "/rails/active_storage/disk/eyJfcmFpbHMiOnsibWVzc2FnZSI6IkJBaDdDRG9JYTJWNVNTSWRlSHBTT1ZCdFVYRlJRWGw0UjFKeWRWRm1OVkIwVWxGRUJqb0dSVlE2RUdScGMzQnZjMmwwYVc5dVNTSTdZWFIwWVdOb2JXVnVkRHNnWm1sc1pXNWhiV1U5SW5FekxtTndjQ0k3SUdacGJHVnVZVzFsS2oxVlZFWXRPQ2NuY1RNdVkzQndCanNHUmpvUlkyOXVkR1Z1ZEY5MGVYQmxTU0lTZEdWNGRDOTRMV01ySzNOeVl3WTdCbFE9IiwiZXhwIjoiMjAyMC0wMS0wNlQxNDozOToyNC40OTRaIiwicHVyIjoiYmxvYl9rZXkifX0=--7d2ecd7b53bb8ee14b0c224a93f563a3373c1d45/q3.cpp?content_type=text%2Fx-c%2B%2Bsrc&disposition=attachment%3B+filename%3D%22q3.cpp%22%3B+filename%2A%3DUTF-8%27%27q3.cpp" for ::1 at 2020-01-06 20:04:24 +0530
Processing by ActiveStorage::DiskController#show as 
  Parameters: {"content_type"=>"text/x-c++src", "disposition"=>"attachment; filename=\"q3.cpp\"; filename*=UTF-8''q3.cpp", "encoded_key"=>"eyJfcmFpbHMiOnsibWVzc2FnZSI6IkJBaDdDRG9JYTJWNVNTSWRlSHBTT1ZCdFVYRlJRWGw0UjFKeWRWRm1OVkIwVWxGRUJqb0dSVlE2RUdScGMzQnZjMmwwYVc5dVNTSTdZWFIwWVdOb2JXVnVkRHNnWm1sc1pXNWhiV1U5SW5FekxtTndjQ0k3SUdacGJHVnVZVzFsS2oxVlZFWXRPQ2NuY1RNdVkzQndCanNHUmpvUlkyOXVkR1Z1ZEY5MGVYQmxTU0lTZEdWNGRDOTRMV01ySzNOeVl3WTdCbFE9IiwiZXhwIjoiMjAyMC0wMS0wNlQxNDozOToyNC40OTRaIiwicHVyIjoiYmxvYl9rZXkifX0=--7d2ecd7b53bb8ee14b0c224a93f563a3373c1d45", "filename"=>"q3"}
Completed 304 Not Modified in 8ms (ActiveRecord: 0.0ms)


Started GET "/interviews/1" for ::1 at 2020-01-06 20:04:52 +0530
Processing by InterviewsController#show as HTML
  Parameters: {"id"=>"1"}
  [1m[36mInterview Load (0.3ms)[0m  [1m[34mSELECT  "interviews".* FROM "interviews" WHERE "interviews"."id" = ? LIMIT ?[0m  [["id", 1], ["LIMIT", 1]]
  ↳ app/controllers/interviews_controller.rb:67
  Rendering interviews/show.html.erb within layouts/application
  [1m[36mActiveStorage::Attachment Load (0.2ms)[0m  [1m[34mSELECT  "active_storage_attachments".* FROM "active_storage_attachments" WHERE "active_storage_attachments"."record_id" = ? AND "active_storage_attachments"."record_type" = ? AND "active_storage_attachments"."name" = ? LIMIT ?[0m  [["record_id", 1], ["record_type", "Interview"], ["name", "resume"], ["LIMIT", 1]]
  ↳ app/views/interviews/show.html.erb:29
  [1m[36mActiveStorage::Blob Load (0.2ms)[0m  [1m[34mSELECT  "active_storage_blobs".* FROM "active_storage_blobs" WHERE "active_storage_blobs"."id" = ? LIMIT ?[0m  [["id", 1], ["LIMIT", 1]]
  ↳ app/views/interviews/show.html.erb:29
  Rendered interviews/show.html.erb within layouts/application (10.5ms)
Completed 200 OK in 48ms (Views: 41.8ms | ActiveRecord: 0.7ms)


Started GET "/rails/active_storage/disk/eyJfcmFpbHMiOnsibWVzc2FnZSI6IkJBaDdDRG9JYTJWNVNTSWRlSHBTT1ZCdFVYRlJRWGw0UjFKeWRWRm1OVkIwVWxGRUJqb0dSVlE2RUdScGMzQnZjMmwwYVc5dVNTSTdZWFIwWVdOb2JXVnVkRHNnWm1sc1pXNWhiV1U5SW5FekxtTndjQ0k3SUdacGJHVnVZVzFsS2oxVlZFWXRPQ2NuY1RNdVkzQndCanNHUmpvUlkyOXVkR1Z1ZEY5MGVYQmxTU0lTZEdWNGRDOTRMV01ySzNOeVl3WTdCbFE9IiwiZXhwIjoiMjAyMC0wMS0wNlQxNDozOToyNC40OTRaIiwicHVyIjoiYmxvYl9rZXkifX0=--7d2ecd7b53bb8ee14b0c224a93f563a3373c1d45/q3.cpp?content_type=text%2Fx-c%2B%2Bsrc&disposition=attachment%3B+filename%3D%22q3.cpp%22%3B+filename%2A%3DUTF-8%27%27q3.cpp" for ::1 at 2020-01-06 20:04:54 +0530
Processing by ActiveStorage::DiskController#show as 
  Parameters: {"content_type"=>"text/x-c++src", "disposition"=>"attachment; filename=\"q3.cpp\"; filename*=UTF-8''q3.cpp", "encoded_key"=>"eyJfcmFpbHMiOnsibWVzc2FnZSI6IkJBaDdDRG9JYTJWNVNTSWRlSHBTT1ZCdFVYRlJRWGw0UjFKeWRWRm1OVkIwVWxGRUJqb0dSVlE2RUdScGMzQnZjMmwwYVc5dVNTSTdZWFIwWVdOb2JXVnVkRHNnWm1sc1pXNWhiV1U5SW5FekxtTndjQ0k3SUdacGJHVnVZVzFsS2oxVlZFWXRPQ2NuY1RNdVkzQndCanNHUmpvUlkyOXVkR1Z1ZEY5MGVYQmxTU0lTZEdWNGRDOTRMV01ySzNOeVl3WTdCbFE9IiwiZXhwIjoiMjAyMC0wMS0wNlQxNDozOToyNC40OTRaIiwicHVyIjoiYmxvYl9rZXkifX0=--7d2ecd7b53bb8ee14b0c224a93f563a3373c1d45", "filename"=>"q3"}
Completed 304 Not Modified in 2ms (ActiveRecord: 0.0ms)


Started GET "/interviews" for ::1 at 2020-01-06 20:05:02 +0530
Processing by InterviewsController#index as HTML
  Rendering interviews/index.html.erb within layouts/application
  [1m[36mInterview Load (0.2ms)[0m  [1m[34mSELECT "interviews".* FROM "interviews"[0m
  ↳ app/views/interviews/index.html.erb:18
  Rendered interviews/index.html.erb within layouts/application (4.3ms)
Completed 200 OK in 56ms (Views: 53.0ms | ActiveRecord: 0.2ms)


Started GET "/" for ::1 at 2020-01-06 20:24:58 +0530
Processing by InterviewsController#index as HTML
  Rendering interviews/index.html.erb within layouts/application
  [1m[36mInterview Load (0.2ms)[0m  [1m[34mSELECT "interviews".* FROM "interviews"[0m
  ↳ app/views/interviews/index.html.erb:18
  Rendered interviews/index.html.erb within layouts/application (3.1ms)
Completed 200 OK in 42ms (Views: 39.3ms | ActiveRecord: 0.2ms)


Started GET "/interviews/new" for ::1 at 2020-01-06 20:25:00 +0530
Processing by InterviewsController#new as HTML
  Rendering interviews/new.html.erb within layouts/application
  Rendered interviews/_form.html.erb (49.5ms)
  Rendered interviews/new.html.erb within layouts/application (53.4ms)
Completed 200 OK in 106ms (Views: 93.3ms | ActiveRecord: 0.0ms)


Started GET "/interviews/1" for ::1 at 2020-01-06 20:25:04 +0530
Processing by InterviewsController#show as HTML
  Parameters: {"id"=>"1"}
  [1m[36mInterview Load (1.0ms)[0m  [1m[34mSELECT  "interviews".* FROM "interviews" WHERE "interviews"."id" = ? LIMIT ?[0m  [["id", 1], ["LIMIT", 1]]
  ↳ app/controllers/interviews_controller.rb:67
  Rendering interviews/show.html.erb within layouts/application
  [1m[36mActiveStorage::Attachment Load (0.7ms)[0m  [1m[34mSELECT  "active_storage_attachments".* FROM "active_storage_attachments" WHERE "active_storage_attachments"."record_id" = ? AND "active_storage_attachments"."record_type" = ? AND "active_storage_attachments"."name" = ? LIMIT ?[0m  [["record_id", 1], ["record_type", "Interview"], ["name", "resume"], ["LIMIT", 1]]
  ↳ app/views/interviews/show.html.erb:29
  [1m[36mActiveStorage::Blob Load (0.7ms)[0m  [1m[34mSELECT  "active_storage_blobs".* FROM "active_storage_blobs" WHERE "active_storage_blobs"."id" = ? LIMIT ?[0m  [["id", 1], ["LIMIT", 1]]
  ↳ app/views/interviews/show.html.erb:29
  Rendered interviews/show.html.erb within layouts/application (13.9ms)
Completed 200 OK in 77ms (Views: 52.0ms | ActiveRecord: 2.5ms)


Started GET "/rails/active_storage/blobs/eyJfcmFpbHMiOnsibWVzc2FnZSI6IkJBaHBCZz09IiwiZXhwIjpudWxsLCJwdXIiOiJibG9iX2lkIn19--98b2d75448824000ad084f8ada43fcbfef200e9b/q3.cpp?disposition=attachment" for ::1 at 2020-01-06 20:25:07 +0530
Processing by ActiveStorage::BlobsController#show as 
  Parameters: {"disposition"=>"attachment", "signed_id"=>"eyJfcmFpbHMiOnsibWVzc2FnZSI6IkJBaHBCZz09IiwiZXhwIjpudWxsLCJwdXIiOiJibG9iX2lkIn19--98b2d75448824000ad084f8ada43fcbfef200e9b", "filename"=>"q3"}
  [1m[36mActiveStorage::Blob Load (0.4ms)[0m  [1m[34mSELECT  "active_storage_blobs".* FROM "active_storage_blobs" WHERE "active_storage_blobs"."id" = ? LIMIT ?[0m  [["id", 1], ["LIMIT", 1]]
  ↳ /home/aswanth/.rvm/gems/ruby-2.3.8/gems/activerecord-5.2.4.1/lib/active_record/log_subscriber.rb:98
[36m  Disk Storage (0.7ms) [0m[34mGenerated URL for file at key: xzR9PmQqQAyxGRruQf5PtRQD (http://localhost:3000/rails/active_storage/disk/eyJfcmFpbHMiOnsibWVzc2FnZSI6IkJBaDdDRG9JYTJWNVNTSWRlSHBTT1ZCdFVYRlJRWGw0UjFKeWRWRm1OVkIwVWxGRUJqb0dSVlE2RUdScGMzQnZjMmwwYVc5dVNTSTdZWFIwWVdOb2JXVnVkRHNnWm1sc1pXNWhiV1U5SW5FekxtTndjQ0k3SUdacGJHVnVZVzFsS2oxVlZFWXRPQ2NuY1RNdVkzQndCanNHUmpvUlkyOXVkR1Z1ZEY5MGVYQmxTU0lTZEdWNGRDOTRMV01ySzNOeVl3WTdCbFE9IiwiZXhwIjoiMjAyMC0wMS0wNlQxNTowMDowNy4wMjBaIiwicHVyIjoiYmxvYl9rZXkifX0=--ab00e2d997e82af633cc26cb55c1a746e40308fb/q3.cpp?content_type=text%2Fx-c%2B%2Bsrc&disposition=attachment%3B+filename%3D%22q3.cpp%22%3B+filename%2A%3DUTF-8%27%27q3.cpp)[0m
Redirected to http://localhost:3000/rails/active_storage/disk/eyJfcmFpbHMiOnsibWVzc2FnZSI6IkJBaDdDRG9JYTJWNVNTSWRlSHBTT1ZCdFVYRlJRWGw0UjFKeWRWRm1OVkIwVWxGRUJqb0dSVlE2RUdScGMzQnZjMmwwYVc5dVNTSTdZWFIwWVdOb2JXVnVkRHNnWm1sc1pXNWhiV1U5SW5FekxtTndjQ0k3SUdacGJHVnVZVzFsS2oxVlZFWXRPQ2NuY1RNdVkzQndCanNHUmpvUlkyOXVkR1Z1ZEY5MGVYQmxTU0lTZEdWNGRDOTRMV01ySzNOeVl3WTdCbFE9IiwiZXhwIjoiMjAyMC0wMS0wNlQxNTowMDowNy4wMjBaIiwicHVyIjoiYmxvYl9rZXkifX0=--ab00e2d997e82af633cc26cb55c1a746e40308fb/q3.cpp?content_type=text%2Fx-c%2B%2Bsrc&disposition=attachment%3B+filename%3D%22q3.cpp%22%3B+filename%2A%3DUTF-8%27%27q3.cpp
Completed 302 Found in 4ms (ActiveRecord: 0.4ms)


Started GET "/rails/active_storage/disk/eyJfcmFpbHMiOnsibWVzc2FnZSI6IkJBaDdDRG9JYTJWNVNTSWRlSHBTT1ZCdFVYRlJRWGw0UjFKeWRWRm1OVkIwVWxGRUJqb0dSVlE2RUdScGMzQnZjMmwwYVc5dVNTSTdZWFIwWVdOb2JXVnVkRHNnWm1sc1pXNWhiV1U5SW5FekxtTndjQ0k3SUdacGJHVnVZVzFsS2oxVlZFWXRPQ2NuY1RNdVkzQndCanNHUmpvUlkyOXVkR1Z1ZEY5MGVYQmxTU0lTZEdWNGRDOTRMV01ySzNOeVl3WTdCbFE9IiwiZXhwIjoiMjAyMC0wMS0wNlQxNTowMDowNy4wMjBaIiwicHVyIjoiYmxvYl9rZXkifX0=--ab00e2d997e82af633cc26cb55c1a746e40308fb/q3.cpp?content_type=text%2Fx-c%2B%2Bsrc&disposition=attachment%3B+filename%3D%22q3.cpp%22%3B+filename%2A%3DUTF-8%27%27q3.cpp" for ::1 at 2020-01-06 20:25:07 +0530
Processing by ActiveStorage::DiskController#show as 
  Parameters: {"content_type"=>"text/x-c++src", "disposition"=>"attachment; filename=\"q3.cpp\"; filename*=UTF-8''q3.cpp", "encoded_key"=>"eyJfcmFpbHMiOnsibWVzc2FnZSI6IkJBaDdDRG9JYTJWNVNTSWRlSHBTT1ZCdFVYRlJRWGw0UjFKeWRWRm1OVkIwVWxGRUJqb0dSVlE2RUdScGMzQnZjMmwwYVc5dVNTSTdZWFIwWVdOb2JXVnVkRHNnWm1sc1pXNWhiV1U5SW5FekxtTndjQ0k3SUdacGJHVnVZVzFsS2oxVlZFWXRPQ2NuY1RNdVkzQndCanNHUmpvUlkyOXVkR1Z1ZEY5MGVYQmxTU0lTZEdWNGRDOTRMV01ySzNOeVl3WTdCbFE9IiwiZXhwIjoiMjAyMC0wMS0wNlQxNTowMDowNy4wMjBaIiwicHVyIjoiYmxvYl9rZXkifX0=--ab00e2d997e82af633cc26cb55c1a746e40308fb", "filename"=>"q3"}
Completed 200 OK in 2ms (ActiveRecord: 0.0ms)


Started GET "/interviews/new" for ::1 at 2020-01-06 20:25:26 +0530
Processing by InterviewsController#new as HTML
  Rendering interviews/new.html.erb within layouts/application
  Rendered interviews/_form.html.erb (52.8ms)
  Rendered interviews/new.html.erb within layouts/application (59.8ms)
Completed 200 OK in 114ms (Views: 107.3ms | ActiveRecord: 0.0ms)


